

Started GET "/index" for ::1 at 2017-08-12 12:12:53 -0400

ActionController::RoutingError (No route matches [GET] "/index"):
  actionpack (4.2.7.1) lib/action_dispatch/middleware/debug_exceptions.rb:21:in `call'
  web-console (2.3.0) lib/web_console/middleware.rb:28:in `block in call'
  web-console (2.3.0) lib/web_console/middleware.rb:18:in `catch'
  web-console (2.3.0) lib/web_console/middleware.rb:18:in `call'
  actionpack (4.2.7.1) lib/action_dispatch/middleware/show_exceptions.rb:30:in `call'
  railties (4.2.7.1) lib/rails/rack/logger.rb:38:in `call_app'
  railties (4.2.7.1) lib/rails/rack/logger.rb:20:in `block in call'
  activesupport (4.2.7.1) lib/active_support/tagged_logging.rb:68:in `block in tagged'
  activesupport (4.2.7.1) lib/active_support/tagged_logging.rb:26:in `tagged'
  activesupport (4.2.7.1) lib/active_support/tagged_logging.rb:68:in `tagged'
  railties (4.2.7.1) lib/rails/rack/logger.rb:20:in `call'
  actionpack (4.2.7.1) lib/action_dispatch/middleware/request_id.rb:21:in `call'
  rack (1.6.8) lib/rack/methodoverride.rb:22:in `call'
  rack (1.6.8) lib/rack/runtime.rb:18:in `call'
  activesupport (4.2.7.1) lib/active_support/cache/strategy/local_cache_middleware.rb:28:in `call'
  rack (1.6.8) lib/rack/lock.rb:17:in `call'
  actionpack (4.2.7.1) lib/action_dispatch/middleware/static.rb:120:in `call'
  rack (1.6.8) lib/rack/sendfile.rb:113:in `call'
  railties (4.2.7.1) lib/rails/engine.rb:518:in `call'
  railties (4.2.7.1) lib/rails/application.rb:165:in `call'
  rack (1.6.8) lib/rack/lock.rb:17:in `call'
  rack (1.6.8) lib/rack/content_length.rb:15:in `call'
  rack (1.6.8) lib/rack/handler/webrick.rb:88:in `service'
  /Users/eashwardidigam/.rbenv/versions/2.3.3/lib/ruby/2.3.0/webrick/httpserver.rb:140:in `service'
  /Users/eashwardidigam/.rbenv/versions/2.3.3/lib/ruby/2.3.0/webrick/httpserver.rb:96:in `run'
  /Users/eashwardidigam/.rbenv/versions/2.3.3/lib/ruby/2.3.0/webrick/server.rb:296:in `block in start_thread'


  Rendered /Users/eashwardidigam/.rbenv/versions/2.3.3/lib/ruby/gems/2.3.0/gems/actionpack-4.2.7.1/lib/action_dispatch/middleware/templates/rescues/_trace.html.erb (1.1ms)
  Rendered /Users/eashwardidigam/.rbenv/versions/2.3.3/lib/ruby/gems/2.3.0/gems/actionpack-4.2.7.1/lib/action_dispatch/middleware/templates/routes/_route.html.erb (0.8ms)
  Rendered /Users/eashwardidigam/.rbenv/versions/2.3.3/lib/ruby/gems/2.3.0/gems/actionpack-4.2.7.1/lib/action_dispatch/middleware/templates/routes/_table.html.erb (8.2ms)
  Rendered /Users/eashwardidigam/.rbenv/versions/2.3.3/lib/ruby/gems/2.3.0/gems/actionpack-4.2.7.1/lib/action_dispatch/middleware/templates/rescues/_request_and_response.html.erb (11.7ms)
  Rendered /Users/eashwardidigam/.rbenv/versions/2.3.3/lib/ruby/gems/2.3.0/gems/actionpack-4.2.7.1/lib/action_dispatch/middleware/templates/rescues/routing_error.html.erb within rescues/layout (133.7ms)
  Rendered /Users/eashwardidigam/.rbenv/versions/2.3.3/lib/ruby/gems/2.3.0/gems/web-console-2.3.0/lib/web_console/templates/_markup.html.erb (0.6ms)
  Rendered /Users/eashwardidigam/.rbenv/versions/2.3.3/lib/ruby/gems/2.3.0/gems/web-console-2.3.0/lib/web_console/templates/_inner_console_markup.html.erb within layouts/inlined_string (0.3ms)
  Rendered /Users/eashwardidigam/.rbenv/versions/2.3.3/lib/ruby/gems/2.3.0/gems/web-console-2.3.0/lib/web_console/templates/_prompt_box_markup.html.erb within layouts/inlined_string (0.3ms)
  Rendered /Users/eashwardidigam/.rbenv/versions/2.3.3/lib/ruby/gems/2.3.0/gems/web-console-2.3.0/lib/web_console/templates/style.css.erb within layouts/inlined_string (0.4ms)
  Rendered /Users/eashwardidigam/.rbenv/versions/2.3.3/lib/ruby/gems/2.3.0/gems/web-console-2.3.0/lib/web_console/templates/console.js.erb within layouts/javascript (68.1ms)
  Rendered /Users/eashwardidigam/.rbenv/versions/2.3.3/lib/ruby/gems/2.3.0/gems/web-console-2.3.0/lib/web_console/templates/main.js.erb within layouts/javascript (0.3ms)
  Rendered /Users/eashwardidigam/.rbenv/versions/2.3.3/lib/ruby/gems/2.3.0/gems/web-console-2.3.0/lib/web_console/templates/error_page.js.erb within layouts/javascript (0.7ms)
  Rendered /Users/eashwardidigam/.rbenv/versions/2.3.3/lib/ruby/gems/2.3.0/gems/web-console-2.3.0/lib/web_console/templates/index.html.erb (155.0ms)


Started GET "/pages/index" for ::1 at 2017-08-12 12:13:03 -0400
Processing by PagesController#index as HTML
  Rendered pages/index.html.erb within layouts/application (0.4ms)
Completed 200 OK in 433ms (Views: 431.8ms | ActiveRecord: 0.0ms)


Started GET "/assets/jquery_ujs.self-784a997f6726036b1993eb2217c9cb558e1cbb801c6da88105588c56f13b466a.js?body=1" for ::1 at 2017-08-12 12:13:04 -0400


Started GET "/assets/turbolinks.self-1d1fddf91adc38ac2045c51f0a3e05ca97d07d24d15a4dcbf705009106489e69.js?body=1" for ::1 at 2017-08-12 12:13:04 -0400


Started GET "/assets/application.self-3b8dabdc891efe46b9a144b400ad69e37d7e5876bdc39dee783419a69d7ca819.js?body=1" for ::1 at 2017-08-12 12:13:04 -0400


Started GET "/assets/application.self-e80e8f2318043e8af94dddc2adad5a4f09739a8ebb323b3ab31cd71d45fd9113.css?body=1" for ::1 at 2017-08-12 12:13:04 -0400


Started GET "/assets/jquery.self-bd7ddd393353a8d2480a622e80342adf488fb6006d667e8b42e4c0073393abee.js?body=1" for ::1 at 2017-08-12 12:13:04 -0400


Started GET "/" for ::1 at 2017-08-12 12:13:09 -0400
Processing by Rails::WelcomeController#index as HTML
  Rendered /Users/eashwardidigam/.rbenv/versions/2.3.3/lib/ruby/gems/2.3.0/gems/railties-4.2.7.1/lib/rails/templates/rails/welcome/index.html.erb (0.8ms)
Completed 200 OK in 11ms (Views: 9.1ms | ActiveRecord: 0.0ms)
DEPRECATION WARNING: Defining a route where `to` is a controller without an action is deprecated. Please change `to: 'pages/home'` to `controller: 'pages/home'`. (called from block in <top (required)> at /Users/eashwardidigam/projects/twitter-clone/config/routes.rb:3)
DEPRECATION WARNING: Defining a route where `to` is a controller without an action is deprecated. Please change `to: 'pages/home'` to `controller: 'pages/home'`. (called from block in <top (required)> at /Users/eashwardidigam/projects/twitter-clone/config/routes.rb:3)
DEPRECATION WARNING: Defining a route where `to` is a controller without an action is deprecated. Please change `to: 'pages/home'` to `controller: 'pages/home'`. (called from block in <top (required)> at /Users/eashwardidigam/projects/twitter-clone/config/routes.rb:3)
DEPRECATION WARNING: Defining a route where `to` is a controller without an action is deprecated. Please change `to: 'pages/home'` to `controller: 'pages/home'`. (called from block in <top (required)> at /Users/eashwardidigam/projects/twitter-clone/config/routes.rb:3)


Started GET "/index" for ::1 at 2017-08-12 14:12:13 -0400

ActionController::RoutingError (No route matches [GET] "/index"):
  actionpack (4.2.7.1) lib/action_dispatch/middleware/debug_exceptions.rb:21:in `call'
  web-console (2.3.0) lib/web_console/middleware.rb:28:in `block in call'
  web-console (2.3.0) lib/web_console/middleware.rb:18:in `catch'
  web-console (2.3.0) lib/web_console/middleware.rb:18:in `call'
  actionpack (4.2.7.1) lib/action_dispatch/middleware/show_exceptions.rb:30:in `call'
  railties (4.2.7.1) lib/rails/rack/logger.rb:38:in `call_app'
  railties (4.2.7.1) lib/rails/rack/logger.rb:20:in `block in call'
  activesupport (4.2.7.1) lib/active_support/tagged_logging.rb:68:in `block in tagged'
  activesupport (4.2.7.1) lib/active_support/tagged_logging.rb:26:in `tagged'
  activesupport (4.2.7.1) lib/active_support/tagged_logging.rb:68:in `tagged'
  railties (4.2.7.1) lib/rails/rack/logger.rb:20:in `call'
  actionpack (4.2.7.1) lib/action_dispatch/middleware/request_id.rb:21:in `call'
  rack (1.6.8) lib/rack/methodoverride.rb:22:in `call'
  rack (1.6.8) lib/rack/runtime.rb:18:in `call'
  activesupport (4.2.7.1) lib/active_support/cache/strategy/local_cache_middleware.rb:28:in `call'
  rack (1.6.8) lib/rack/lock.rb:17:in `call'
  actionpack (4.2.7.1) lib/action_dispatch/middleware/static.rb:120:in `call'
  rack (1.6.8) lib/rack/sendfile.rb:113:in `call'
  railties (4.2.7.1) lib/rails/engine.rb:518:in `call'
  railties (4.2.7.1) lib/rails/application.rb:165:in `call'
  rack (1.6.8) lib/rack/lock.rb:17:in `call'
  rack (1.6.8) lib/rack/content_length.rb:15:in `call'
  rack (1.6.8) lib/rack/handler/webrick.rb:88:in `service'
  /Users/eashwardidigam/.rbenv/versions/2.3.3/lib/ruby/2.3.0/webrick/httpserver.rb:140:in `service'
  /Users/eashwardidigam/.rbenv/versions/2.3.3/lib/ruby/2.3.0/webrick/httpserver.rb:96:in `run'
  /Users/eashwardidigam/.rbenv/versions/2.3.3/lib/ruby/2.3.0/webrick/server.rb:296:in `block in start_thread'


  Rendered /Users/eashwardidigam/.rbenv/versions/2.3.3/lib/ruby/gems/2.3.0/gems/actionpack-4.2.7.1/lib/action_dispatch/middleware/templates/rescues/_trace.html.erb (1.1ms)
  Rendered /Users/eashwardidigam/.rbenv/versions/2.3.3/lib/ruby/gems/2.3.0/gems/actionpack-4.2.7.1/lib/action_dispatch/middleware/templates/routes/_route.html.erb (0.9ms)
  Rendered /Users/eashwardidigam/.rbenv/versions/2.3.3/lib/ruby/gems/2.3.0/gems/actionpack-4.2.7.1/lib/action_dispatch/middleware/templates/routes/_table.html.erb (8.1ms)
  Rendered /Users/eashwardidigam/.rbenv/versions/2.3.3/lib/ruby/gems/2.3.0/gems/actionpack-4.2.7.1/lib/action_dispatch/middleware/templates/rescues/_request_and_response.html.erb (11.6ms)
  Rendered /Users/eashwardidigam/.rbenv/versions/2.3.3/lib/ruby/gems/2.3.0/gems/actionpack-4.2.7.1/lib/action_dispatch/middleware/templates/rescues/routing_error.html.erb within rescues/layout (113.6ms)
  Rendered /Users/eashwardidigam/.rbenv/versions/2.3.3/lib/ruby/gems/2.3.0/gems/web-console-2.3.0/lib/web_console/templates/_markup.html.erb (0.4ms)
  Rendered /Users/eashwardidigam/.rbenv/versions/2.3.3/lib/ruby/gems/2.3.0/gems/web-console-2.3.0/lib/web_console/templates/_inner_console_markup.html.erb within layouts/inlined_string (0.3ms)
  Rendered /Users/eashwardidigam/.rbenv/versions/2.3.3/lib/ruby/gems/2.3.0/gems/web-console-2.3.0/lib/web_console/templates/_prompt_box_markup.html.erb within layouts/inlined_string (0.3ms)
  Rendered /Users/eashwardidigam/.rbenv/versions/2.3.3/lib/ruby/gems/2.3.0/gems/web-console-2.3.0/lib/web_console/templates/style.css.erb within layouts/inlined_string (1.0ms)
  Rendered /Users/eashwardidigam/.rbenv/versions/2.3.3/lib/ruby/gems/2.3.0/gems/web-console-2.3.0/lib/web_console/templates/console.js.erb within layouts/javascript (63.9ms)
  Rendered /Users/eashwardidigam/.rbenv/versions/2.3.3/lib/ruby/gems/2.3.0/gems/web-console-2.3.0/lib/web_console/templates/main.js.erb within layouts/javascript (0.3ms)
  Rendered /Users/eashwardidigam/.rbenv/versions/2.3.3/lib/ruby/gems/2.3.0/gems/web-console-2.3.0/lib/web_console/templates/error_page.js.erb within layouts/javascript (0.5ms)
  Rendered /Users/eashwardidigam/.rbenv/versions/2.3.3/lib/ruby/gems/2.3.0/gems/web-console-2.3.0/lib/web_console/templates/index.html.erb (142.3ms)


Started GET "/" for ::1 at 2017-08-12 14:12:18 -0400
Processing by PagesController#index as HTML
  Rendered pages/index.html.erb within layouts/application (0.4ms)
Completed 200 OK in 3776ms (Views: 3774.9ms | ActiveRecord: 0.0ms)


Started GET "/assets/application.self-e372bf7fc47d425198223f60c4f5c135fb47dbca2859c2ad3d2c2aec35300eac.css?body=1" for ::1 at 2017-08-12 14:12:22 -0400


Started GET "/assets/bootstrap/transition.self-6ad2488465135ab731a045a8ebbe3ea2fc501aed286042496eda1664fdd07ba9.js?body=1" for ::1 at 2017-08-12 14:12:22 -0400


Started GET "/assets/bootstrap/dropdown.self-561cca1cbaf67474e01e9536f106bad541594860a6df997004591c1c1957a147.js?body=1" for ::1 at 2017-08-12 14:12:22 -0400


Started GET "/assets/bootstrap/modal.self-3e78617ade5663314b7ee0ea10375a5b34d59ffbade44939e3f2a4e4ef2019b3.js?body=1" for ::1 at 2017-08-12 14:12:22 -0400


Started GET "/assets/bootstrap/alert.self-742145c5bb847aafdadc6e339be795628f8bc25f177e851f03a8c42278eb0312.js?body=1" for ::1 at 2017-08-12 14:12:22 -0400


Started GET "/assets/bootstrap/carousel.self-e47323f363ceb3dc0bdbce05e36e709ed428e339833a41140a85cb0af24b8127.js?body=1" for ::1 at 2017-08-12 14:12:22 -0400


Started GET "/assets/bootstrap/button.self-126ac9bf0e7f2d8568f8da3a00fd5f0fac6eae0946331003370161fbf8d7975e.js?body=1" for ::1 at 2017-08-12 14:12:22 -0400


Started GET "/assets/bootstrap/collapse.self-2eb697f62b587bb786ff940d82dd4be88cdeeaf13ca128e3da3850c5fcaec301.js?body=1" for ::1 at 2017-08-12 14:12:22 -0400


Started GET "/assets/bootstrap/tab.self-5bf7078b682f8b131332eefa46b45fa5eff2eca745fc0d03e2991450888f7c28.js?body=1" for ::1 at 2017-08-12 14:12:22 -0400


Started GET "/assets/bootstrap/affix.self-6d6f1a7fc5c8aabf3547fa1b794fab6268f54bc55ad815e55873c71f52513517.js?body=1" for ::1 at 2017-08-12 14:12:22 -0400


Started GET "/assets/bootstrap/scrollspy.self-969f3c5f48cdf1e439c7fa1154c13b948715f5c689f87837c0b64521d3b46ef6.js?body=1" for ::1 at 2017-08-12 14:12:22 -0400


Started GET "/assets/bootstrap/tooltip.self-05afb177e08f98997ccfc84fa08a215e4b27d48d5fe4d049080675e9dffd8199.js?body=1" for ::1 at 2017-08-12 14:12:22 -0400


Started GET "/assets/bootstrap/popover.self-0aa93860b59fe7393f1dd490f54b3cb994f9d6155adffce034d4e14ae361b041.js?body=1" for ::1 at 2017-08-12 14:12:22 -0400


Started GET "/assets/bootstrap-sprockets.self-fbfa5ad7d9aa0afe439ec4ff3883acc4cb92b62cb67c40d674320c9aa1d4642d.js?body=1" for ::1 at 2017-08-12 14:12:22 -0400


Started GET "/assets/application.self-7862a8a8b42407b4741a1adeeea35f0d13ddc4f702ec532adb0674491d296495.js?body=1" for ::1 at 2017-08-12 14:12:22 -0400


Started GET "/" for ::1 at 2017-08-12 14:19:49 -0400
Processing by PagesController#index as HTML
  Rendered pages/index.html.erb within layouts/application (0.0ms)
  Rendered layouts/_nav.html.erb (0.3ms)
Completed 200 OK in 33ms (Views: 32.5ms | ActiveRecord: 0.0ms)


Started GET "/" for ::1 at 2017-08-12 14:19:53 -0400
Processing by PagesController#index as HTML
  Rendered pages/index.html.erb within layouts/application (0.1ms)
  Rendered layouts/_nav.html.erb (0.1ms)
Completed 200 OK in 67ms (Views: 66.3ms | ActiveRecord: 0.0ms)


Started GET "/" for ::1 at 2017-08-12 14:19:54 -0400
Processing by PagesController#index as HTML
  Rendered pages/index.html.erb within layouts/application (0.1ms)
  Rendered layouts/_nav.html.erb (0.1ms)
Completed 200 OK in 72ms (Views: 71.5ms | ActiveRecord: 0.0ms)


Started GET "/" for ::1 at 2017-08-12 14:19:54 -0400
Processing by PagesController#index as HTML
  Rendered pages/index.html.erb within layouts/application (0.1ms)
  Rendered layouts/_nav.html.erb (0.1ms)
Completed 200 OK in 75ms (Views: 74.4ms | ActiveRecord: 0.0ms)


Started GET "/" for ::1 at 2017-08-12 14:19:57 -0400
Processing by PagesController#index as HTML
  Rendered pages/index.html.erb within layouts/application (0.0ms)
  Rendered layouts/_nav.html.erb (0.0ms)
Completed 200 OK in 88ms (Views: 87.7ms | ActiveRecord: 0.0ms)


Started GET "/" for ::1 at 2017-08-12 14:21:37 -0400
Processing by PagesController#index as HTML
  Rendered pages/index.html.erb within layouts/application (0.1ms)
  Rendered layouts/_nav.html.erb (0.5ms)
Completed 200 OK in 67ms (Views: 66.9ms | ActiveRecord: 0.0ms)


Started GET "/" for ::1 at 2017-08-12 14:22:20 -0400
Processing by PagesController#index as HTML
  Rendered pages/index.html.erb within layouts/application (0.0ms)
  Rendered layouts/_nav.html.erb (0.4ms)
Completed 200 OK in 50ms (Views: 49.7ms | ActiveRecord: 0.0ms)


Started GET "/" for ::1 at 2017-08-12 14:22:38 -0400
Processing by PagesController#index as HTML
  Rendered pages/index.html.erb within layouts/application (0.0ms)
  Rendered layouts/_nav.html.erb (0.1ms)
Completed 200 OK in 60ms (Views: 60.0ms | ActiveRecord: 0.0ms)


Started GET "/" for ::1 at 2017-08-12 14:22:38 -0400
Processing by PagesController#index as HTML
  Rendered pages/index.html.erb within layouts/application (0.0ms)
  Rendered layouts/_nav.html.erb (0.1ms)
Completed 200 OK in 90ms (Views: 88.9ms | ActiveRecord: 0.0ms)


Started GET "/" for ::1 at 2017-08-12 14:23:48 -0400
Processing by PagesController#index as HTML
  Rendered pages/index.html.erb within layouts/application (0.0ms)
  Rendered layouts/_nav.html.erb (0.5ms)
Completed 200 OK in 65ms (Views: 65.0ms | ActiveRecord: 0.0ms)


Started GET "/" for ::1 at 2017-08-12 14:26:04 -0400
Processing by PagesController#index as HTML
  Rendered pages/index.html.erb within layouts/application (0.1ms)
  Rendered layouts/_nav.html.erb (0.3ms)
Completed 200 OK in 66ms (Views: 65.1ms | ActiveRecord: 0.0ms)


Started GET "/" for ::1 at 2017-08-12 14:27:20 -0400
Processing by PagesController#index as HTML
  Rendered pages/index.html.erb within layouts/application (0.0ms)
  Rendered layouts/_nav.html.erb (0.3ms)
Completed 200 OK in 56ms (Views: 55.0ms | ActiveRecord: 0.0ms)


Started GET "/" for ::1 at 2017-08-12 14:27:23 -0400
Processing by PagesController#index as HTML
  Rendered pages/index.html.erb within layouts/application (0.0ms)
  Rendered layouts/_nav.html.erb (0.0ms)
Completed 200 OK in 51ms (Views: 50.6ms | ActiveRecord: 0.0ms)


Started GET "/" for ::1 at 2017-08-12 14:29:17 -0400
Processing by PagesController#index as HTML
  Rendered pages/index.html.erb within layouts/application (0.1ms)
  Rendered layouts/_nav.html.erb (0.3ms)
Completed 200 OK in 43ms (Views: 43.0ms | ActiveRecord: 0.0ms)


Started GET "/" for ::1 at 2017-08-12 14:29:27 -0400
Processing by PagesController#index as HTML
  Rendered pages/index.html.erb within layouts/application (0.1ms)
  Rendered layouts/_nav.html.erb (0.0ms)
Completed 200 OK in 65ms (Views: 64.1ms | ActiveRecord: 0.0ms)
